{"/Users/admin/dev/sdd_hackerton_minji/domain/admin.ts": {"path":"/Users/admin/dev/sdd_hackerton_minji/domain/admin.ts","all":false,"statementMap":{"0":{"start":{"line":1,"column":0},"end":{"line":1,"column":61}},"1":{"start":{"line":2,"column":0},"end":{"line":2,"column":66}},"2":{"start":{"line":3,"column":0},"end":{"line":3,"column":65}},"3":{"start":{"line":4,"column":0},"end":{"line":4,"column":76}},"4":{"start":{"line":5,"column":0},"end":{"line":5,"column":43}},"5":{"start":{"line":6,"column":0},"end":{"line":6,"column":0}},"6":{"start":{"line":7,"column":0},"end":{"line":7,"column":24}},"7":{"start":{"line":8,"column":0},"end":{"line":8,"column":15}},"8":{"start":{"line":9,"column":0},"end":{"line":9,"column":27}},"9":{"start":{"line":10,"column":0},"end":{"line":10,"column":33}},"10":{"start":{"line":11,"column":0},"end":{"line":11,"column":28}},"11":{"start":{"line":12,"column":0},"end":{"line":12,"column":28}},"12":{"start":{"line":13,"column":0},"end":{"line":13,"column":18}},"13":{"start":{"line":14,"column":0},"end":{"line":14,"column":14}},"14":{"start":{"line":15,"column":0},"end":{"line":15,"column":0}},"15":{"start":{"line":16,"column":0},"end":{"line":16,"column":74}},"16":{"start":{"line":17,"column":0},"end":{"line":17,"column":0}},"17":{"start":{"line":18,"column":0},"end":{"line":18,"column":47}},"18":{"start":{"line":19,"column":0},"end":{"line":19,"column":87}},"19":{"start":{"line":20,"column":0},"end":{"line":20,"column":50}},"20":{"start":{"line":21,"column":0},"end":{"line":21,"column":57}},"21":{"start":{"line":22,"column":0},"end":{"line":22,"column":85}},"22":{"start":{"line":23,"column":0},"end":{"line":23,"column":20}},"23":{"start":{"line":24,"column":0},"end":{"line":24,"column":22}},"24":{"start":{"line":25,"column":0},"end":{"line":25,"column":1}},"25":{"start":{"line":26,"column":0},"end":{"line":26,"column":0}},"26":{"start":{"line":27,"column":0},"end":{"line":27,"column":43}},"27":{"start":{"line":28,"column":0},"end":{"line":28,"column":95}},"28":{"start":{"line":29,"column":0},"end":{"line":29,"column":50}},"29":{"start":{"line":30,"column":0},"end":{"line":30,"column":57}},"30":{"start":{"line":31,"column":0},"end":{"line":31,"column":78}},"31":{"start":{"line":32,"column":0},"end":{"line":32,"column":28}},"32":{"start":{"line":33,"column":0},"end":{"line":33,"column":22}},"33":{"start":{"line":34,"column":0},"end":{"line":34,"column":1}},"34":{"start":{"line":35,"column":0},"end":{"line":35,"column":0}},"35":{"start":{"line":36,"column":0},"end":{"line":36,"column":57}},"36":{"start":{"line":37,"column":0},"end":{"line":37,"column":77}},"37":{"start":{"line":38,"column":0},"end":{"line":38,"column":91}},"38":{"start":{"line":39,"column":0},"end":{"line":39,"column":90}},"39":{"start":{"line":40,"column":0},"end":{"line":40,"column":101}},"40":{"start":{"line":41,"column":0},"end":{"line":41,"column":84}},"41":{"start":{"line":42,"column":0},"end":{"line":42,"column":40}},"42":{"start":{"line":43,"column":0},"end":{"line":43,"column":22}},"43":{"start":{"line":44,"column":0},"end":{"line":44,"column":1}},"44":{"start":{"line":45,"column":0},"end":{"line":45,"column":0}},"45":{"start":{"line":46,"column":0},"end":{"line":46,"column":13}},"46":{"start":{"line":47,"column":0},"end":{"line":47,"column":81}},"47":{"start":{"line":48,"column":0},"end":{"line":48,"column":68}},"48":{"start":{"line":49,"column":0},"end":{"line":49,"column":59}},"49":{"start":{"line":50,"column":0},"end":{"line":50,"column":34}},"50":{"start":{"line":51,"column":0},"end":{"line":51,"column":22}},"51":{"start":{"line":52,"column":0},"end":{"line":52,"column":1}},"52":{"start":{"line":53,"column":0},"end":{"line":53,"column":0}},"53":{"start":{"line":54,"column":0},"end":{"line":54,"column":57}},"54":{"start":{"line":55,"column":0},"end":{"line":55,"column":97}},"55":{"start":{"line":56,"column":0},"end":{"line":56,"column":90}},"56":{"start":{"line":57,"column":0},"end":{"line":57,"column":31}},"57":{"start":{"line":58,"column":0},"end":{"line":58,"column":22}},"58":{"start":{"line":59,"column":0},"end":{"line":59,"column":1}},"59":{"start":{"line":60,"column":0},"end":{"line":60,"column":0}},"60":{"start":{"line":61,"column":0},"end":{"line":61,"column":47}},"61":{"start":{"line":62,"column":0},"end":{"line":62,"column":54}},"62":{"start":{"line":63,"column":0},"end":{"line":63,"column":87}},"63":{"start":{"line":64,"column":0},"end":{"line":64,"column":1}}},"s":{"0":1,"1":1,"2":1,"3":1,"4":1,"5":1,"6":1,"7":1,"8":1,"9":1,"10":1,"11":1,"12":1,"13":1,"14":1,"15":1,"16":1,"17":1,"18":1,"19":8,"20":8,"21":8,"22":7,"23":7,"24":7,"25":1,"26":1,"27":1,"28":5,"29":5,"30":5,"31":3,"32":3,"33":3,"34":1,"35":1,"36":1,"37":12,"38":12,"39":12,"40":12,"41":10,"42":10,"43":10,"44":1,"45":1,"46":1,"47":1,"48":1,"49":1,"50":1,"51":1,"52":1,"53":1,"54":1,"55":2,"56":1,"57":1,"58":1,"59":1,"60":1,"61":1,"62":16,"63":16},"branchMap":{"0":{"type":"branch","line":19,"loc":{"start":{"line":19,"column":7},"end":{"line":25,"column":1}},"locations":[{"start":{"line":19,"column":7},"end":{"line":25,"column":1}}]},"1":{"type":"branch","line":21,"loc":{"start":{"line":21,"column":16},"end":{"line":21,"column":57}},"locations":[{"start":{"line":21,"column":16},"end":{"line":21,"column":57}}]},"2":{"type":"branch","line":22,"loc":{"start":{"line":22,"column":41},"end":{"line":22,"column":85}},"locations":[{"start":{"line":22,"column":41},"end":{"line":22,"column":85}}]},"3":{"type":"branch","line":22,"loc":{"start":{"line":22,"column":83},"end":{"line":25,"column":1}},"locations":[{"start":{"line":22,"column":83},"end":{"line":25,"column":1}}]},"4":{"type":"branch","line":28,"loc":{"start":{"line":28,"column":7},"end":{"line":34,"column":1}},"locations":[{"start":{"line":28,"column":7},"end":{"line":34,"column":1}}]},"5":{"type":"branch","line":30,"loc":{"start":{"line":30,"column":16},"end":{"line":30,"column":57}},"locations":[{"start":{"line":30,"column":16},"end":{"line":30,"column":57}}]},"6":{"type":"branch","line":31,"loc":{"start":{"line":31,"column":28},"end":{"line":31,"column":78}},"locations":[{"start":{"line":31,"column":28},"end":{"line":31,"column":78}}]},"7":{"type":"branch","line":31,"loc":{"start":{"line":31,"column":76},"end":{"line":34,"column":1}},"locations":[{"start":{"line":31,"column":76},"end":{"line":34,"column":1}}]},"8":{"type":"branch","line":37,"loc":{"start":{"line":37,"column":7},"end":{"line":44,"column":1}},"locations":[{"start":{"line":37,"column":7},"end":{"line":44,"column":1}}]},"9":{"type":"branch","line":38,"loc":{"start":{"line":38,"column":47},"end":{"line":38,"column":91}},"locations":[{"start":{"line":38,"column":47},"end":{"line":38,"column":91}}]},"10":{"type":"branch","line":38,"loc":{"start":{"line":38,"column":89},"end":{"line":39,"column":47}},"locations":[{"start":{"line":38,"column":89},"end":{"line":39,"column":47}}]},"11":{"type":"branch","line":39,"loc":{"start":{"line":39,"column":40},"end":{"line":39,"column":90}},"locations":[{"start":{"line":39,"column":40},"end":{"line":39,"column":90}}]},"12":{"type":"branch","line":39,"loc":{"start":{"line":39,"column":88},"end":{"line":40,"column":57}},"locations":[{"start":{"line":39,"column":88},"end":{"line":40,"column":57}}]},"13":{"type":"branch","line":40,"loc":{"start":{"line":40,"column":57},"end":{"line":40,"column":101}},"locations":[{"start":{"line":40,"column":57},"end":{"line":40,"column":101}}]},"14":{"type":"branch","line":40,"loc":{"start":{"line":40,"column":99},"end":{"line":41,"column":47}},"locations":[{"start":{"line":40,"column":99},"end":{"line":41,"column":47}}]},"15":{"type":"branch","line":41,"loc":{"start":{"line":41,"column":40},"end":{"line":41,"column":84}},"locations":[{"start":{"line":41,"column":40},"end":{"line":41,"column":84}}]},"16":{"type":"branch","line":41,"loc":{"start":{"line":41,"column":82},"end":{"line":44,"column":1}},"locations":[{"start":{"line":41,"column":82},"end":{"line":44,"column":1}}]},"17":{"type":"branch","line":47,"loc":{"start":{"line":47,"column":7},"end":{"line":52,"column":1}},"locations":[{"start":{"line":47,"column":7},"end":{"line":52,"column":1}}]},"18":{"type":"branch","line":49,"loc":{"start":{"line":49,"column":18},"end":{"line":49,"column":59}},"locations":[{"start":{"line":49,"column":18},"end":{"line":49,"column":59}}]},"19":{"type":"branch","line":48,"loc":{"start":{"line":48,"column":41},"end":{"line":48,"column":66}},"locations":[{"start":{"line":48,"column":41},"end":{"line":48,"column":66}}]},"20":{"type":"branch","line":55,"loc":{"start":{"line":55,"column":7},"end":{"line":59,"column":1}},"locations":[{"start":{"line":55,"column":7},"end":{"line":59,"column":1}}]},"21":{"type":"branch","line":56,"loc":{"start":{"line":56,"column":45},"end":{"line":59,"column":1}},"locations":[{"start":{"line":56,"column":45},"end":{"line":59,"column":1}}]},"22":{"type":"branch","line":62,"loc":{"start":{"line":62,"column":7},"end":{"line":64,"column":1}},"locations":[{"start":{"line":62,"column":7},"end":{"line":64,"column":1}}]},"23":{"type":"branch","line":63,"loc":{"start":{"line":63,"column":45},"end":{"line":63,"column":87}},"locations":[{"start":{"line":63,"column":45},"end":{"line":63,"column":87}}]}},"b":{"0":[8],"1":[0],"2":[1],"3":[7],"4":[5],"5":[0],"6":[2],"7":[3],"8":[12],"9":[1],"10":[11],"11":[0],"12":[11],"13":[0],"14":[11],"15":[1],"16":[10],"17":[1],"18":[0],"19":[1],"20":[2],"21":[1],"22":[16],"23":[15]},"fnMap":{"0":{"name":"setQty","decl":{"start":{"line":19,"column":7},"end":{"line":25,"column":1}},"loc":{"start":{"line":19,"column":7},"end":{"line":25,"column":1}},"line":19},"1":{"name":"setBasePrice","decl":{"start":{"line":28,"column":7},"end":{"line":34,"column":1}},"loc":{"start":{"line":28,"column":7},"end":{"line":34,"column":1}},"line":28},"2":{"name":"addProduct","decl":{"start":{"line":37,"column":7},"end":{"line":44,"column":1}},"loc":{"start":{"line":37,"column":7},"end":{"line":44,"column":1}},"line":37},"3":{"name":"removeProduct","decl":{"start":{"line":47,"column":7},"end":{"line":52,"column":1}},"loc":{"start":{"line":47,"column":7},"end":{"line":52,"column":1}},"line":47},"4":{"name":"setCoinCount","decl":{"start":{"line":55,"column":7},"end":{"line":59,"column":1}},"loc":{"start":{"line":55,"column":7},"end":{"line":59,"column":1}},"line":55},"5":{"name":"isValidPrice","decl":{"start":{"line":62,"column":7},"end":{"line":64,"column":1}},"loc":{"start":{"line":62,"column":7},"end":{"line":64,"column":1}},"line":62}},"f":{"0":8,"1":5,"2":12,"3":1,"4":2,"5":16}}
,"/Users/admin/dev/sdd_hackerton_minji/domain/machine.ts": {"path":"/Users/admin/dev/sdd_hackerton_minji/domain/machine.ts","all":false,"statementMap":{"0":{"start":{"line":1,"column":0},"end":{"line":1,"column":63}},"1":{"start":{"line":2,"column":0},"end":{"line":2,"column":62}},"2":{"start":{"line":3,"column":0},"end":{"line":3,"column":0}},"3":{"start":{"line":4,"column":0},"end":{"line":4,"column":60}},"4":{"start":{"line":5,"column":0},"end":{"line":5,"column":43}},"5":{"start":{"line":6,"column":0},"end":{"line":6,"column":10}},"6":{"start":{"line":7,"column":0},"end":{"line":7,"column":74}},"7":{"start":{"line":8,"column":0},"end":{"line":8,"column":76}},"8":{"start":{"line":9,"column":0},"end":{"line":9,"column":75}},"9":{"start":{"line":10,"column":0},"end":{"line":10,"column":76}},"10":{"start":{"line":11,"column":0},"end":{"line":11,"column":4}},"11":{"start":{"line":12,"column":0},"end":{"line":12,"column":1}},"12":{"start":{"line":13,"column":0},"end":{"line":13,"column":0}},"13":{"start":{"line":14,"column":0},"end":{"line":14,"column":3}},"14":{"start":{"line":15,"column":0},"end":{"line":15,"column":55}},"15":{"start":{"line":16,"column":0},"end":{"line":16,"column":59}},"16":{"start":{"line":17,"column":0},"end":{"line":17,"column":3}},"17":{"start":{"line":18,"column":0},"end":{"line":18,"column":40}},"18":{"start":{"line":19,"column":0},"end":{"line":19,"column":40}},"19":{"start":{"line":20,"column":0},"end":{"line":20,"column":1}},"20":{"start":{"line":21,"column":0},"end":{"line":21,"column":0}},"21":{"start":{"line":22,"column":0},"end":{"line":22,"column":30}},"22":{"start":{"line":23,"column":0},"end":{"line":23,"column":42}},"23":{"start":{"line":24,"column":0},"end":{"line":24,"column":10}},"24":{"start":{"line":25,"column":0},"end":{"line":25,"column":29}},"25":{"start":{"line":26,"column":0},"end":{"line":26,"column":23}},"26":{"start":{"line":27,"column":0},"end":{"line":27,"column":15}},"27":{"start":{"line":28,"column":0},"end":{"line":28,"column":22}},"28":{"start":{"line":29,"column":0},"end":{"line":29,"column":15}},"29":{"start":{"line":30,"column":0},"end":{"line":30,"column":21}},"30":{"start":{"line":31,"column":0},"end":{"line":31,"column":18}},"31":{"start":{"line":32,"column":0},"end":{"line":32,"column":21}},"32":{"start":{"line":33,"column":0},"end":{"line":33,"column":21}},"33":{"start":{"line":34,"column":0},"end":{"line":34,"column":26}},"34":{"start":{"line":35,"column":0},"end":{"line":35,"column":4}},"35":{"start":{"line":36,"column":0},"end":{"line":36,"column":1}},"36":{"start":{"line":37,"column":0},"end":{"line":37,"column":0}},"37":{"start":{"line":38,"column":0},"end":{"line":38,"column":87}},"38":{"start":{"line":39,"column":0},"end":{"line":39,"column":58}},"39":{"start":{"line":40,"column":0},"end":{"line":40,"column":1}},"40":{"start":{"line":41,"column":0},"end":{"line":41,"column":0}},"41":{"start":{"line":42,"column":0},"end":{"line":42,"column":3}},"42":{"start":{"line":43,"column":0},"end":{"line":43,"column":36}},"43":{"start":{"line":44,"column":0},"end":{"line":44,"column":41}},"44":{"start":{"line":45,"column":0},"end":{"line":45,"column":58}},"45":{"start":{"line":46,"column":0},"end":{"line":46,"column":3}},"46":{"start":{"line":47,"column":0},"end":{"line":47,"column":56}},"47":{"start":{"line":48,"column":0},"end":{"line":48,"column":10}},"48":{"start":{"line":49,"column":0},"end":{"line":49,"column":29}},"49":{"start":{"line":50,"column":0},"end":{"line":50,"column":86}},"50":{"start":{"line":51,"column":0},"end":{"line":51,"column":4}},"51":{"start":{"line":52,"column":0},"end":{"line":52,"column":1}}},"s":{"0":1,"1":1,"2":1,"3":1,"4":1,"5":29,"6":29,"7":29,"8":29,"9":29,"10":29,"11":29,"12":1,"13":1,"14":1,"15":1,"16":1,"17":1,"18":29,"19":29,"20":1,"21":1,"22":1,"23":29,"24":29,"25":29,"26":29,"27":29,"28":29,"29":29,"30":29,"31":29,"32":29,"33":29,"34":29,"35":29,"36":1,"37":1,"38":69,"39":69,"40":1,"41":1,"42":1,"43":1,"44":1,"45":1,"46":1,"47":4,"48":4,"49":4,"50":4,"51":4},"branchMap":{"0":{"type":"branch","line":5,"loc":{"start":{"line":5,"column":7},"end":{"line":12,"column":1}},"locations":[{"start":{"line":5,"column":7},"end":{"line":12,"column":1}}]},"1":{"type":"branch","line":18,"loc":{"start":{"line":18,"column":7},"end":{"line":20,"column":1}},"locations":[{"start":{"line":18,"column":7},"end":{"line":20,"column":1}}]},"2":{"type":"branch","line":23,"loc":{"start":{"line":23,"column":7},"end":{"line":36,"column":1}},"locations":[{"start":{"line":23,"column":7},"end":{"line":36,"column":1}}]},"3":{"type":"branch","line":38,"loc":{"start":{"line":38,"column":7},"end":{"line":40,"column":1}},"locations":[{"start":{"line":38,"column":7},"end":{"line":40,"column":1}}]},"4":{"type":"branch","line":39,"loc":{"start":{"line":39,"column":31},"end":{"line":39,"column":56}},"locations":[{"start":{"line":39,"column":31},"end":{"line":39,"column":56}}]},"5":{"type":"branch","line":47,"loc":{"start":{"line":47,"column":7},"end":{"line":52,"column":1}},"locations":[{"start":{"line":47,"column":7},"end":{"line":52,"column":1}}]}},"b":{"0":[29],"1":[29],"2":[29],"3":[69],"4":[155],"5":[4]},"fnMap":{"0":{"name":"seedProducts","decl":{"start":{"line":5,"column":7},"end":{"line":12,"column":1}},"loc":{"start":{"line":5,"column":7},"end":{"line":12,"column":1}},"line":5},"1":{"name":"seedCoins","decl":{"start":{"line":18,"column":7},"end":{"line":20,"column":1}},"loc":{"start":{"line":18,"column":7},"end":{"line":20,"column":1}},"line":18},"2":{"name":"createMachine","decl":{"start":{"line":23,"column":7},"end":{"line":36,"column":1}},"loc":{"start":{"line":23,"column":7},"end":{"line":36,"column":1}},"line":23},"3":{"name":"findProduct","decl":{"start":{"line":38,"column":7},"end":{"line":40,"column":1}},"loc":{"start":{"line":38,"column":7},"end":{"line":40,"column":1}},"line":38},"4":{"name":"ledgerHolds","decl":{"start":{"line":47,"column":7},"end":{"line":52,"column":1}},"loc":{"start":{"line":47,"column":7},"end":{"line":52,"column":1}},"line":47}},"f":{"0":29,"1":29,"2":29,"3":69,"4":4}}
,"/Users/admin/dev/sdd_hackerton_minji/domain/money.ts": {"path":"/Users/admin/dev/sdd_hackerton_minji/domain/money.ts","all":false,"statementMap":{"0":{"start":{"line":1,"column":0},"end":{"line":1,"column":60}},"1":{"start":{"line":2,"column":0},"end":{"line":2,"column":77}},"2":{"start":{"line":3,"column":0},"end":{"line":3,"column":0}},"3":{"start":{"line":4,"column":0},"end":{"line":4,"column":41}},"4":{"start":{"line":5,"column":0},"end":{"line":5,"column":54}},"5":{"start":{"line":6,"column":0},"end":{"line":6,"column":93}},"6":{"start":{"line":7,"column":0},"end":{"line":7,"column":1}},"7":{"start":{"line":8,"column":0},"end":{"line":8,"column":0}},"8":{"start":{"line":9,"column":0},"end":{"line":9,"column":26}},"9":{"start":{"line":10,"column":0},"end":{"line":10,"column":38}},"10":{"start":{"line":11,"column":0},"end":{"line":11,"column":49}},"11":{"start":{"line":12,"column":0},"end":{"line":12,"column":0}},"12":{"start":{"line":13,"column":0},"end":{"line":13,"column":3}},"13":{"start":{"line":14,"column":0},"end":{"line":14,"column":55}},"14":{"start":{"line":15,"column":0},"end":{"line":15,"column":53}},"15":{"start":{"line":16,"column":0},"end":{"line":16,"column":59}},"16":{"start":{"line":17,"column":0},"end":{"line":17,"column":44}},"17":{"start":{"line":18,"column":0},"end":{"line":18,"column":27}},"18":{"start":{"line":19,"column":0},"end":{"line":19,"column":3}},"19":{"start":{"line":20,"column":0},"end":{"line":20,"column":76}},"20":{"start":{"line":21,"column":0},"end":{"line":21,"column":70}},"21":{"start":{"line":22,"column":0},"end":{"line":22,"column":59}},"22":{"start":{"line":23,"column":0},"end":{"line":23,"column":25}},"23":{"start":{"line":24,"column":0},"end":{"line":24,"column":36}},"24":{"start":{"line":25,"column":0},"end":{"line":25,"column":46}},"25":{"start":{"line":26,"column":0},"end":{"line":26,"column":44}},"26":{"start":{"line":27,"column":0},"end":{"line":27,"column":26}},"27":{"start":{"line":28,"column":0},"end":{"line":28,"column":28}},"28":{"start":{"line":29,"column":0},"end":{"line":29,"column":3}},"29":{"start":{"line":30,"column":0},"end":{"line":30,"column":75}},"30":{"start":{"line":31,"column":0},"end":{"line":31,"column":33}},"31":{"start":{"line":32,"column":0},"end":{"line":32,"column":1}},"32":{"start":{"line":33,"column":0},"end":{"line":33,"column":0}},"33":{"start":{"line":34,"column":0},"end":{"line":34,"column":73}},"34":{"start":{"line":35,"column":0},"end":{"line":35,"column":82}},"35":{"start":{"line":36,"column":0},"end":{"line":36,"column":10}},"36":{"start":{"line":37,"column":0},"end":{"line":37,"column":40}},"37":{"start":{"line":38,"column":0},"end":{"line":38,"column":37}},"38":{"start":{"line":39,"column":0},"end":{"line":39,"column":37}},"39":{"start":{"line":40,"column":0},"end":{"line":40,"column":4}},"40":{"start":{"line":41,"column":0},"end":{"line":41,"column":1}}},"s":{"0":1,"1":1,"2":1,"3":1,"4":1,"5":1,"6":1,"7":1,"8":1,"9":1,"10":1,"11":1,"12":1,"13":1,"14":1,"15":1,"16":1,"17":1,"18":1,"19":1,"20":12,"21":12,"22":12,"23":12,"24":36,"25":36,"26":36,"27":36,"28":36,"29":12,"30":9,"31":9,"32":1,"33":1,"34":1,"35":6,"36":6,"37":6,"38":6,"39":6,"40":6},"branchMap":{"0":{"type":"branch","line":5,"loc":{"start":{"line":5,"column":7},"end":{"line":7,"column":1}},"locations":[{"start":{"line":5,"column":7},"end":{"line":7,"column":1}}]},"1":{"type":"branch","line":6,"loc":{"start":{"line":6,"column":49},"end":{"line":6,"column":90}},"locations":[{"start":{"line":6,"column":49},"end":{"line":6,"column":90}}]},"2":{"type":"branch","line":20,"loc":{"start":{"line":20,"column":7},"end":{"line":32,"column":1}},"locations":[{"start":{"line":20,"column":7},"end":{"line":32,"column":1}}]},"3":{"type":"branch","line":21,"loc":{"start":{"line":21,"column":18},"end":{"line":21,"column":70}},"locations":[{"start":{"line":21,"column":18},"end":{"line":21,"column":70}}]},"4":{"type":"branch","line":24,"loc":{"start":{"line":24,"column":35},"end":{"line":29,"column":3}},"locations":[{"start":{"line":24,"column":35},"end":{"line":29,"column":3}}]},"5":{"type":"branch","line":30,"loc":{"start":{"line":30,"column":23},"end":{"line":30,"column":75}},"locations":[{"start":{"line":30,"column":23},"end":{"line":30,"column":75}}]},"6":{"type":"branch","line":30,"loc":{"start":{"line":30,"column":73},"end":{"line":32,"column":1}},"locations":[{"start":{"line":30,"column":73},"end":{"line":32,"column":1}}]},"7":{"type":"branch","line":35,"loc":{"start":{"line":35,"column":7},"end":{"line":41,"column":1}},"locations":[{"start":{"line":35,"column":7},"end":{"line":41,"column":1}}]}},"b":{"0":[1],"1":[3],"2":[12],"3":[0],"4":[36],"5":[3],"6":[9],"7":[6]},"fnMap":{"0":{"name":"coinsTotal","decl":{"start":{"line":5,"column":7},"end":{"line":7,"column":1}},"loc":{"start":{"line":5,"column":7},"end":{"line":7,"column":1}},"line":5},"1":{"name":"makeChange","decl":{"start":{"line":20,"column":7},"end":{"line":32,"column":1}},"loc":{"start":{"line":20,"column":7},"end":{"line":32,"column":1}},"line":20},"2":{"name":"subtractCoins","decl":{"start":{"line":35,"column":7},"end":{"line":41,"column":1}},"loc":{"start":{"line":35,"column":7},"end":{"line":41,"column":1}},"line":35}},"f":{"0":1,"1":12,"2":6}}
,"/Users/admin/dev/sdd_hackerton_minji/domain/pricing.ts": {"path":"/Users/admin/dev/sdd_hackerton_minji/domain/pricing.ts","all":false,"statementMap":{"0":{"start":{"line":1,"column":0},"end":{"line":1,"column":61}},"1":{"start":{"line":2,"column":0},"end":{"line":2,"column":52}},"2":{"start":{"line":3,"column":0},"end":{"line":3,"column":78}},"3":{"start":{"line":4,"column":0},"end":{"line":4,"column":0}},"4":{"start":{"line":5,"column":0},"end":{"line":5,"column":30}},"5":{"start":{"line":6,"column":0},"end":{"line":6,"column":41}},"6":{"start":{"line":7,"column":0},"end":{"line":7,"column":40}},"7":{"start":{"line":8,"column":0},"end":{"line":8,"column":41}},"8":{"start":{"line":9,"column":0},"end":{"line":9,"column":34}},"9":{"start":{"line":10,"column":0},"end":{"line":10,"column":29}},"10":{"start":{"line":11,"column":0},"end":{"line":11,"column":0}},"11":{"start":{"line":12,"column":0},"end":{"line":12,"column":40}},"12":{"start":{"line":13,"column":0},"end":{"line":13,"column":34}},"13":{"start":{"line":14,"column":0},"end":{"line":14,"column":37}},"14":{"start":{"line":15,"column":0},"end":{"line":15,"column":40}},"15":{"start":{"line":16,"column":0},"end":{"line":16,"column":30}},"16":{"start":{"line":17,"column":0},"end":{"line":17,"column":0}},"17":{"start":{"line":18,"column":0},"end":{"line":18,"column":3}},"18":{"start":{"line":19,"column":0},"end":{"line":19,"column":46}},"19":{"start":{"line":20,"column":0},"end":{"line":20,"column":25}},"20":{"start":{"line":21,"column":0},"end":{"line":21,"column":3}},"21":{"start":{"line":22,"column":0},"end":{"line":22,"column":65}},"22":{"start":{"line":23,"column":0},"end":{"line":23,"column":49}},"23":{"start":{"line":24,"column":0},"end":{"line":24,"column":1}},"24":{"start":{"line":25,"column":0},"end":{"line":25,"column":0}},"25":{"start":{"line":26,"column":0},"end":{"line":26,"column":3}},"26":{"start":{"line":27,"column":0},"end":{"line":27,"column":27}},"27":{"start":{"line":28,"column":0},"end":{"line":28,"column":55}},"28":{"start":{"line":29,"column":0},"end":{"line":29,"column":69}},"29":{"start":{"line":30,"column":0},"end":{"line":30,"column":56}},"30":{"start":{"line":31,"column":0},"end":{"line":31,"column":3}},"31":{"start":{"line":32,"column":0},"end":{"line":32,"column":82}},"32":{"start":{"line":33,"column":0},"end":{"line":33,"column":89}},"33":{"start":{"line":34,"column":0},"end":{"line":34,"column":54}},"34":{"start":{"line":35,"column":0},"end":{"line":35,"column":65}},"35":{"start":{"line":36,"column":0},"end":{"line":36,"column":87}},"36":{"start":{"line":37,"column":0},"end":{"line":37,"column":10}},"37":{"start":{"line":38,"column":0},"end":{"line":38,"column":33}},"38":{"start":{"line":39,"column":0},"end":{"line":39,"column":17}},"39":{"start":{"line":40,"column":0},"end":{"line":40,"column":18}},"40":{"start":{"line":41,"column":0},"end":{"line":41,"column":19}},"41":{"start":{"line":42,"column":0},"end":{"line":42,"column":50}},"42":{"start":{"line":43,"column":0},"end":{"line":43,"column":17}},"43":{"start":{"line":44,"column":0},"end":{"line":44,"column":4}},"44":{"start":{"line":45,"column":0},"end":{"line":45,"column":1}},"45":{"start":{"line":46,"column":0},"end":{"line":46,"column":0}},"46":{"start":{"line":47,"column":0},"end":{"line":47,"column":3}},"47":{"start":{"line":48,"column":0},"end":{"line":48,"column":20}},"48":{"start":{"line":49,"column":0},"end":{"line":49,"column":24}},"49":{"start":{"line":50,"column":0},"end":{"line":50,"column":35}},"50":{"start":{"line":51,"column":0},"end":{"line":51,"column":27}},"51":{"start":{"line":52,"column":0},"end":{"line":52,"column":3}},"52":{"start":{"line":53,"column":0},"end":{"line":53,"column":107}},"53":{"start":{"line":54,"column":0},"end":{"line":54,"column":42}},"54":{"start":{"line":55,"column":0},"end":{"line":55,"column":54}},"55":{"start":{"line":56,"column":0},"end":{"line":56,"column":21}},"56":{"start":{"line":57,"column":0},"end":{"line":57,"column":1}},"57":{"start":{"line":58,"column":0},"end":{"line":58,"column":0}},"58":{"start":{"line":59,"column":0},"end":{"line":59,"column":54}},"59":{"start":{"line":60,"column":0},"end":{"line":60,"column":69}},"60":{"start":{"line":61,"column":0},"end":{"line":61,"column":61}},"61":{"start":{"line":62,"column":0},"end":{"line":62,"column":10}},"62":{"start":{"line":63,"column":0},"end":{"line":63,"column":13}},"63":{"start":{"line":64,"column":0},"end":{"line":64,"column":83}},"64":{"start":{"line":65,"column":0},"end":{"line":65,"column":4}},"65":{"start":{"line":66,"column":0},"end":{"line":66,"column":1}}},"s":{"0":1,"1":1,"2":1,"3":1,"4":1,"5":1,"6":1,"7":1,"8":1,"9":1,"10":1,"11":1,"12":1,"13":1,"14":1,"15":1,"16":1,"17":1,"18":1,"19":1,"20":1,"21":1,"22":29,"23":29,"24":1,"25":1,"26":1,"27":1,"28":1,"29":1,"30":1,"31":1,"32":25,"33":25,"34":25,"35":25,"36":25,"37":25,"38":25,"39":25,"40":25,"41":25,"42":25,"43":25,"44":25,"45":1,"46":1,"47":1,"48":1,"49":1,"50":1,"51":1,"52":1,"53":21,"54":19,"55":17,"56":17,"57":1,"58":1,"59":1,"60":0,"61":0,"62":0,"63":0,"64":0,"65":0},"branchMap":{"0":{"type":"branch","line":22,"loc":{"start":{"line":22,"column":7},"end":{"line":24,"column":1}},"locations":[{"start":{"line":22,"column":7},"end":{"line":24,"column":1}}]},"1":{"type":"branch","line":32,"loc":{"start":{"line":32,"column":7},"end":{"line":45,"column":1}},"locations":[{"start":{"line":32,"column":7},"end":{"line":45,"column":1}}]},"2":{"type":"branch","line":33,"loc":{"start":{"line":33,"column":38},"end":{"line":33,"column":87}},"locations":[{"start":{"line":33,"column":38},"end":{"line":33,"column":87}}]},"3":{"type":"branch","line":33,"loc":{"start":{"line":33,"column":64},"end":{"line":33,"column":89}},"locations":[{"start":{"line":33,"column":64},"end":{"line":33,"column":89}}]},"4":{"type":"branch","line":35,"loc":{"start":{"line":35,"column":24},"end":{"line":35,"column":63}},"locations":[{"start":{"line":35,"column":24},"end":{"line":35,"column":63}}]},"5":{"type":"branch","line":35,"loc":{"start":{"line":35,"column":39},"end":{"line":35,"column":65}},"locations":[{"start":{"line":35,"column":39},"end":{"line":35,"column":65}}]},"6":{"type":"branch","line":42,"loc":{"start":{"line":42,"column":26},"end":{"line":42,"column":41}},"locations":[{"start":{"line":42,"column":26},"end":{"line":42,"column":41}}]},"7":{"type":"branch","line":42,"loc":{"start":{"line":42,"column":30},"end":{"line":42,"column":50}},"locations":[{"start":{"line":42,"column":30},"end":{"line":42,"column":50}}]},"8":{"type":"branch","line":53,"loc":{"start":{"line":53,"column":7},"end":{"line":57,"column":1}},"locations":[{"start":{"line":53,"column":7},"end":{"line":57,"column":1}}]},"9":{"type":"branch","line":54,"loc":{"start":{"line":54,"column":24},"end":{"line":54,"column":42}},"locations":[{"start":{"line":54,"column":24},"end":{"line":54,"column":42}}]},"10":{"type":"branch","line":54,"loc":{"start":{"line":54,"column":31},"end":{"line":57,"column":1}},"locations":[{"start":{"line":54,"column":31},"end":{"line":57,"column":1}}]},"11":{"type":"branch","line":55,"loc":{"start":{"line":55,"column":32},"end":{"line":55,"column":54}},"locations":[{"start":{"line":55,"column":32},"end":{"line":55,"column":54}}]},"12":{"type":"branch","line":55,"loc":{"start":{"line":55,"column":39},"end":{"line":57,"column":1}},"locations":[{"start":{"line":55,"column":39},"end":{"line":57,"column":1}}]}},"b":{"0":[29],"1":[25],"2":[6],"3":[19],"4":[6],"5":[19],"6":[6],"7":[19],"8":[21],"9":[2],"10":[19],"11":[2],"12":[17]},"fnMap":{"0":{"name":"isPromoPurchase","decl":{"start":{"line":22,"column":7},"end":{"line":24,"column":1}},"loc":{"start":{"line":22,"column":7},"end":{"line":24,"column":1}},"line":22},"1":{"name":"computePrice","decl":{"start":{"line":32,"column":7},"end":{"line":45,"column":1}},"loc":{"start":{"line":32,"column":7},"end":{"line":45,"column":1}},"line":32},"2":{"name":"purchasability","decl":{"start":{"line":53,"column":7},"end":{"line":57,"column":1}},"loc":{"start":{"line":53,"column":7},"end":{"line":57,"column":1}},"line":53},"3":{"name":"evaluateProduct","decl":{"start":{"line":60,"column":7},"end":{"line":66,"column":1}},"loc":{"start":{"line":60,"column":7},"end":{"line":66,"column":1}},"line":60}},"f":{"0":29,"1":25,"2":21,"3":0}}
,"/Users/admin/dev/sdd_hackerton_minji/domain/session.ts": {"path":"/Users/admin/dev/sdd_hackerton_minji/domain/session.ts","all":false,"statementMap":{"0":{"start":{"line":1,"column":0},"end":{"line":1,"column":62}},"1":{"start":{"line":2,"column":0},"end":{"line":2,"column":61}},"2":{"start":{"line":3,"column":0},"end":{"line":3,"column":89}},"3":{"start":{"line":4,"column":0},"end":{"line":4,"column":60}},"4":{"start":{"line":5,"column":0},"end":{"line":5,"column":55}},"5":{"start":{"line":6,"column":0},"end":{"line":6,"column":43}},"6":{"start":{"line":7,"column":0},"end":{"line":7,"column":0}},"7":{"start":{"line":8,"column":0},"end":{"line":8,"column":26}},"8":{"start":{"line":9,"column":0},"end":{"line":9,"column":54}},"9":{"start":{"line":10,"column":0},"end":{"line":10,"column":34}},"10":{"start":{"line":11,"column":0},"end":{"line":11,"column":0}},"11":{"start":{"line":12,"column":0},"end":{"line":12,"column":21}},"12":{"start":{"line":13,"column":0},"end":{"line":13,"column":35}},"13":{"start":{"line":14,"column":0},"end":{"line":14,"column":27}},"14":{"start":{"line":15,"column":0},"end":{"line":15,"column":15}},"15":{"start":{"line":16,"column":0},"end":{"line":16,"column":23}},"16":{"start":{"line":17,"column":0},"end":{"line":17,"column":35}},"17":{"start":{"line":18,"column":0},"end":{"line":18,"column":20}},"18":{"start":{"line":19,"column":0},"end":{"line":19,"column":42}},"19":{"start":{"line":20,"column":0},"end":{"line":20,"column":0}},"20":{"start":{"line":21,"column":0},"end":{"line":21,"column":3}},"21":{"start":{"line":22,"column":0},"end":{"line":22,"column":53}},"22":{"start":{"line":23,"column":0},"end":{"line":23,"column":58}},"23":{"start":{"line":24,"column":0},"end":{"line":24,"column":41}},"24":{"start":{"line":25,"column":0},"end":{"line":25,"column":3}},"25":{"start":{"line":26,"column":0},"end":{"line":26,"column":23}},"26":{"start":{"line":27,"column":0},"end":{"line":27,"column":19}},"27":{"start":{"line":28,"column":0},"end":{"line":28,"column":16}},"28":{"start":{"line":29,"column":0},"end":{"line":29,"column":66}},"29":{"start":{"line":30,"column":0},"end":{"line":30,"column":52}},"30":{"start":{"line":31,"column":0},"end":{"line":31,"column":56}},"31":{"start":{"line":32,"column":0},"end":{"line":32,"column":3}},"32":{"start":{"line":33,"column":0},"end":{"line":33,"column":72}},"33":{"start":{"line":34,"column":0},"end":{"line":34,"column":40}},"34":{"start":{"line":35,"column":0},"end":{"line":35,"column":3}},"35":{"start":{"line":36,"column":0},"end":{"line":36,"column":27}},"36":{"start":{"line":37,"column":0},"end":{"line":37,"column":33}},"37":{"start":{"line":38,"column":0},"end":{"line":38,"column":27}},"38":{"start":{"line":39,"column":0},"end":{"line":39,"column":48}},"39":{"start":{"line":40,"column":0},"end":{"line":40,"column":1}},"40":{"start":{"line":41,"column":0},"end":{"line":41,"column":0}},"41":{"start":{"line":42,"column":0},"end":{"line":42,"column":3}},"42":{"start":{"line":43,"column":0},"end":{"line":43,"column":42}},"43":{"start":{"line":44,"column":0},"end":{"line":44,"column":55}},"44":{"start":{"line":45,"column":0},"end":{"line":45,"column":45}},"45":{"start":{"line":46,"column":0},"end":{"line":46,"column":3}},"46":{"start":{"line":47,"column":0},"end":{"line":47,"column":30}},"47":{"start":{"line":48,"column":0},"end":{"line":48,"column":19}},"48":{"start":{"line":49,"column":0},"end":{"line":49,"column":20}},"49":{"start":{"line":50,"column":0},"end":{"line":50,"column":73}},"50":{"start":{"line":51,"column":0},"end":{"line":51,"column":70}},"51":{"start":{"line":52,"column":0},"end":{"line":52,"column":50}},"52":{"start":{"line":53,"column":0},"end":{"line":53,"column":57}},"53":{"start":{"line":54,"column":0},"end":{"line":54,"column":0}},"54":{"start":{"line":55,"column":0},"end":{"line":55,"column":61}},"55":{"start":{"line":56,"column":0},"end":{"line":56,"column":81}},"56":{"start":{"line":57,"column":0},"end":{"line":57,"column":70}},"57":{"start":{"line":58,"column":0},"end":{"line":58,"column":86}},"58":{"start":{"line":59,"column":0},"end":{"line":59,"column":0}},"59":{"start":{"line":60,"column":0},"end":{"line":60,"column":62}},"60":{"start":{"line":61,"column":0},"end":{"line":61,"column":42}},"61":{"start":{"line":62,"column":0},"end":{"line":62,"column":29}},"62":{"start":{"line":63,"column":0},"end":{"line":63,"column":31}},"63":{"start":{"line":64,"column":0},"end":{"line":64,"column":80}},"64":{"start":{"line":65,"column":0},"end":{"line":65,"column":60}},"65":{"start":{"line":66,"column":0},"end":{"line":66,"column":1}},"66":{"start":{"line":67,"column":0},"end":{"line":67,"column":0}},"67":{"start":{"line":68,"column":0},"end":{"line":68,"column":3}},"68":{"start":{"line":69,"column":0},"end":{"line":69,"column":39}},"69":{"start":{"line":70,"column":0},"end":{"line":70,"column":59}},"70":{"start":{"line":71,"column":0},"end":{"line":71,"column":62}},"71":{"start":{"line":72,"column":0},"end":{"line":72,"column":46}},"72":{"start":{"line":73,"column":0},"end":{"line":73,"column":3}},"73":{"start":{"line":74,"column":0},"end":{"line":74,"column":32}},"74":{"start":{"line":75,"column":0},"end":{"line":75,"column":19}},"75":{"start":{"line":76,"column":0},"end":{"line":76,"column":19}},"76":{"start":{"line":77,"column":0},"end":{"line":77,"column":67}},"77":{"start":{"line":78,"column":0},"end":{"line":78,"column":67}},"78":{"start":{"line":79,"column":0},"end":{"line":79,"column":50}},"79":{"start":{"line":80,"column":0},"end":{"line":80,"column":3}},"80":{"start":{"line":81,"column":0},"end":{"line":81,"column":64}},"81":{"start":{"line":82,"column":0},"end":{"line":82,"column":50}},"82":{"start":{"line":83,"column":0},"end":{"line":83,"column":75}},"83":{"start":{"line":84,"column":0},"end":{"line":84,"column":0}},"84":{"start":{"line":85,"column":0},"end":{"line":85,"column":16}},"85":{"start":{"line":86,"column":0},"end":{"line":86,"column":59}},"86":{"start":{"line":87,"column":0},"end":{"line":87,"column":10}},"87":{"start":{"line":88,"column":0},"end":{"line":88,"column":68}},"88":{"start":{"line":89,"column":0},"end":{"line":89,"column":3}},"89":{"start":{"line":90,"column":0},"end":{"line":90,"column":0}},"90":{"start":{"line":91,"column":0},"end":{"line":91,"column":33}},"91":{"start":{"line":92,"column":0},"end":{"line":92,"column":59}},"92":{"start":{"line":93,"column":0},"end":{"line":93,"column":31}},"93":{"start":{"line":94,"column":0},"end":{"line":94,"column":1}},"94":{"start":{"line":95,"column":0},"end":{"line":95,"column":0}},"95":{"start":{"line":96,"column":0},"end":{"line":96,"column":3}},"96":{"start":{"line":97,"column":0},"end":{"line":97,"column":52}},"97":{"start":{"line":98,"column":0},"end":{"line":98,"column":56}},"98":{"start":{"line":99,"column":0},"end":{"line":99,"column":61}},"99":{"start":{"line":100,"column":0},"end":{"line":100,"column":3}},"100":{"start":{"line":101,"column":0},"end":{"line":101,"column":56}},"101":{"start":{"line":102,"column":0},"end":{"line":102,"column":74}},"102":{"start":{"line":103,"column":0},"end":{"line":103,"column":33}},"103":{"start":{"line":104,"column":0},"end":{"line":104,"column":21}},"104":{"start":{"line":105,"column":0},"end":{"line":105,"column":27}},"105":{"start":{"line":106,"column":0},"end":{"line":106,"column":30}},"106":{"start":{"line":107,"column":0},"end":{"line":107,"column":75}},"107":{"start":{"line":108,"column":0},"end":{"line":108,"column":3}},"108":{"start":{"line":109,"column":0},"end":{"line":109,"column":51}},"109":{"start":{"line":110,"column":0},"end":{"line":110,"column":19}},"110":{"start":{"line":111,"column":0},"end":{"line":111,"column":59}},"111":{"start":{"line":112,"column":0},"end":{"line":112,"column":55}},"112":{"start":{"line":113,"column":0},"end":{"line":113,"column":3}},"113":{"start":{"line":114,"column":0},"end":{"line":114,"column":89}},"114":{"start":{"line":115,"column":0},"end":{"line":115,"column":34}},"115":{"start":{"line":116,"column":0},"end":{"line":116,"column":22}},"116":{"start":{"line":117,"column":0},"end":{"line":117,"column":50}},"117":{"start":{"line":118,"column":0},"end":{"line":118,"column":25}},"118":{"start":{"line":119,"column":0},"end":{"line":119,"column":59}},"119":{"start":{"line":120,"column":0},"end":{"line":120,"column":1}},"120":{"start":{"line":121,"column":0},"end":{"line":121,"column":0}},"121":{"start":{"line":122,"column":0},"end":{"line":122,"column":66}},"122":{"start":{"line":123,"column":0},"end":{"line":123,"column":54}},"123":{"start":{"line":124,"column":0},"end":{"line":124,"column":29}},"124":{"start":{"line":125,"column":0},"end":{"line":125,"column":24}},"125":{"start":{"line":126,"column":0},"end":{"line":126,"column":30}},"126":{"start":{"line":127,"column":0},"end":{"line":127,"column":27}},"127":{"start":{"line":128,"column":0},"end":{"line":128,"column":10}},"128":{"start":{"line":129,"column":0},"end":{"line":129,"column":29}},"129":{"start":{"line":130,"column":0},"end":{"line":130,"column":3}},"130":{"start":{"line":131,"column":0},"end":{"line":131,"column":1}}},"s":{"0":1,"1":1,"2":1,"3":1,"4":1,"5":1,"6":1,"7":1,"8":1,"9":1,"10":1,"11":1,"12":1,"13":1,"14":1,"15":1,"16":1,"17":1,"18":1,"19":1,"20":1,"21":1,"22":1,"23":1,"24":1,"25":1,"26":51,"27":51,"28":51,"29":51,"30":1,"31":1,"32":51,"33":0,"34":0,"35":50,"36":50,"37":50,"38":50,"39":50,"40":1,"41":1,"42":1,"43":1,"44":1,"45":1,"46":1,"47":18,"48":18,"49":18,"50":18,"51":18,"52":18,"53":18,"54":18,"55":18,"56":18,"57":18,"58":16,"59":16,"60":16,"61":16,"62":16,"63":16,"64":16,"65":16,"66":1,"67":1,"68":1,"69":1,"70":1,"71":1,"72":1,"73":1,"74":14,"75":14,"76":14,"77":14,"78":0,"79":0,"80":14,"81":14,"82":14,"83":14,"84":14,"85":12,"86":14,"87":2,"88":2,"89":14,"90":14,"91":14,"92":14,"93":14,"94":1,"95":1,"96":1,"97":1,"98":1,"99":1,"100":1,"101":6,"102":6,"103":6,"104":0,"105":0,"106":0,"107":0,"108":6,"109":6,"110":1,"111":1,"112":1,"113":5,"114":5,"115":5,"116":5,"117":5,"118":5,"119":5,"120":1,"121":1,"122":14,"123":14,"124":1,"125":1,"126":1,"127":14,"128":13,"129":13,"130":14},"branchMap":{"0":{"type":"branch","line":26,"loc":{"start":{"line":26,"column":7},"end":{"line":40,"column":1}},"locations":[{"start":{"line":26,"column":7},"end":{"line":40,"column":1}}]},"1":{"type":"branch","line":30,"loc":{"start":{"line":30,"column":51},"end":{"line":32,"column":3}},"locations":[{"start":{"line":30,"column":51},"end":{"line":32,"column":3}}]},"2":{"type":"branch","line":32,"loc":{"start":{"line":32,"column":2},"end":{"line":33,"column":71}},"locations":[{"start":{"line":32,"column":2},"end":{"line":33,"column":71}}]},"3":{"type":"branch","line":33,"loc":{"start":{"line":33,"column":71},"end":{"line":35,"column":3}},"locations":[{"start":{"line":33,"column":71},"end":{"line":35,"column":3}}]},"4":{"type":"branch","line":35,"loc":{"start":{"line":35,"column":2},"end":{"line":40,"column":1}},"locations":[{"start":{"line":35,"column":2},"end":{"line":40,"column":1}}]},"5":{"type":"branch","line":47,"loc":{"start":{"line":47,"column":7},"end":{"line":66,"column":1}},"locations":[{"start":{"line":47,"column":7},"end":{"line":66,"column":1}}]},"6":{"type":"branch","line":51,"loc":{"start":{"line":51,"column":34},"end":{"line":51,"column":70}},"locations":[{"start":{"line":51,"column":34},"end":{"line":51,"column":70}}]},"7":{"type":"branch","line":53,"loc":{"start":{"line":53,"column":16},"end":{"line":53,"column":57}},"locations":[{"start":{"line":53,"column":16},"end":{"line":53,"column":57}}]},"8":{"type":"branch","line":57,"loc":{"start":{"line":57,"column":30},"end":{"line":57,"column":70}},"locations":[{"start":{"line":57,"column":30},"end":{"line":57,"column":70}}]},"9":{"type":"branch","line":57,"loc":{"start":{"line":57,"column":68},"end":{"line":58,"column":41}},"locations":[{"start":{"line":57,"column":68},"end":{"line":58,"column":41}}]},"10":{"type":"branch","line":58,"loc":{"start":{"line":58,"column":34},"end":{"line":58,"column":86}},"locations":[{"start":{"line":58,"column":34},"end":{"line":58,"column":86}}]},"11":{"type":"branch","line":58,"loc":{"start":{"line":58,"column":84},"end":{"line":66,"column":1}},"locations":[{"start":{"line":58,"column":84},"end":{"line":66,"column":1}}]},"12":{"type":"branch","line":74,"loc":{"start":{"line":74,"column":7},"end":{"line":94,"column":1}},"locations":[{"start":{"line":74,"column":7},"end":{"line":94,"column":1}}]},"13":{"type":"branch","line":78,"loc":{"start":{"line":78,"column":66},"end":{"line":80,"column":3}},"locations":[{"start":{"line":78,"column":66},"end":{"line":80,"column":3}}]},"14":{"type":"branch","line":85,"loc":{"start":{"line":85,"column":15},"end":{"line":87,"column":9}},"locations":[{"start":{"line":85,"column":15},"end":{"line":87,"column":9}}]},"15":{"type":"branch","line":87,"loc":{"start":{"line":87,"column":2},"end":{"line":89,"column":3}},"locations":[{"start":{"line":87,"column":2},"end":{"line":89,"column":3}}]},"16":{"type":"branch","line":101,"loc":{"start":{"line":101,"column":7},"end":{"line":120,"column":1}},"locations":[{"start":{"line":101,"column":7},"end":{"line":120,"column":1}}]},"17":{"type":"branch","line":102,"loc":{"start":{"line":102,"column":38},"end":{"line":102,"column":74}},"locations":[{"start":{"line":102,"column":38},"end":{"line":102,"column":74}}]},"18":{"type":"branch","line":104,"loc":{"start":{"line":104,"column":20},"end":{"line":108,"column":3}},"locations":[{"start":{"line":104,"column":20},"end":{"line":108,"column":3}}]},"19":{"type":"branch","line":110,"loc":{"start":{"line":110,"column":18},"end":{"line":113,"column":3}},"locations":[{"start":{"line":110,"column":18},"end":{"line":113,"column":3}}]},"20":{"type":"branch","line":113,"loc":{"start":{"line":113,"column":2},"end":{"line":120,"column":1}},"locations":[{"start":{"line":113,"column":2},"end":{"line":120,"column":1}}]},"21":{"type":"branch","line":123,"loc":{"start":{"line":123,"column":0},"end":{"line":131,"column":1}},"locations":[{"start":{"line":123,"column":0},"end":{"line":131,"column":1}}]},"22":{"type":"branch","line":124,"loc":{"start":{"line":124,"column":28},"end":{"line":128,"column":9}},"locations":[{"start":{"line":124,"column":28},"end":{"line":128,"column":9}}]},"23":{"type":"branch","line":128,"loc":{"start":{"line":128,"column":2},"end":{"line":130,"column":3}},"locations":[{"start":{"line":128,"column":2},"end":{"line":130,"column":3}}]}},"b":{"0":[51],"1":[1],"2":[50],"3":[0],"4":[50],"5":[18],"6":[0],"7":[0],"8":[1],"9":[17],"10":[1],"11":[16],"12":[14],"13":[0],"14":[12],"15":[2],"16":[6],"17":[0],"18":[0],"19":[1],"20":[5],"21":[14],"22":[1],"23":[13]},"fnMap":{"0":{"name":"insert","decl":{"start":{"line":26,"column":7},"end":{"line":40,"column":1}},"loc":{"start":{"line":26,"column":7},"end":{"line":40,"column":1}},"line":26},"1":{"name":"beginDispense","decl":{"start":{"line":47,"column":7},"end":{"line":66,"column":1}},"loc":{"start":{"line":47,"column":7},"end":{"line":66,"column":1}},"line":47},"2":{"name":"resolveDispense","decl":{"start":{"line":74,"column":7},"end":{"line":94,"column":1}},"loc":{"start":{"line":74,"column":7},"end":{"line":94,"column":1}},"line":74},"3":{"name":"refund","decl":{"start":{"line":101,"column":7},"end":{"line":120,"column":1}},"loc":{"start":{"line":101,"column":7},"end":{"line":120,"column":1}},"line":101},"4":{"name":"endSessionIfDrained","decl":{"start":{"line":123,"column":0},"end":{"line":131,"column":1}},"loc":{"start":{"line":123,"column":0},"end":{"line":131,"column":1}},"line":123}},"f":{"0":51,"1":18,"2":14,"3":6,"4":14}}
,"/Users/admin/dev/sdd_hackerton_minji/domain/types.ts": {"path":"/Users/admin/dev/sdd_hackerton_minji/domain/types.ts","all":false,"statementMap":{"0":{"start":{"line":1,"column":0},"end":{"line":1,"column":67}},"1":{"start":{"line":2,"column":0},"end":{"line":2,"column":56}},"2":{"start":{"line":3,"column":0},"end":{"line":3,"column":0}},"3":{"start":{"line":4,"column":0},"end":{"line":4,"column":37}},"4":{"start":{"line":5,"column":0},"end":{"line":5,"column":44}},"5":{"start":{"line":6,"column":0},"end":{"line":6,"column":0}},"6":{"start":{"line":7,"column":0},"end":{"line":7,"column":22}},"7":{"start":{"line":8,"column":0},"end":{"line":8,"column":77}},"8":{"start":{"line":9,"column":0},"end":{"line":9,"column":0}},"9":{"start":{"line":10,"column":0},"end":{"line":10,"column":45}},"10":{"start":{"line":11,"column":0},"end":{"line":11,"column":79}},"11":{"start":{"line":12,"column":0},"end":{"line":12,"column":0}},"12":{"start":{"line":13,"column":0},"end":{"line":13,"column":66}},"13":{"start":{"line":14,"column":0},"end":{"line":14,"column":53}},"14":{"start":{"line":15,"column":0},"end":{"line":15,"column":0}},"15":{"start":{"line":16,"column":0},"end":{"line":16,"column":31}},"16":{"start":{"line":17,"column":0},"end":{"line":17,"column":74}},"17":{"start":{"line":18,"column":0},"end":{"line":18,"column":0}},"18":{"start":{"line":19,"column":0},"end":{"line":19,"column":29}},"19":{"start":{"line":20,"column":0},"end":{"line":20,"column":26}},"20":{"start":{"line":21,"column":0},"end":{"line":21,"column":13}},"21":{"start":{"line":22,"column":0},"end":{"line":22,"column":15}},"22":{"start":{"line":23,"column":0},"end":{"line":23,"column":42}},"23":{"start":{"line":24,"column":0},"end":{"line":24,"column":20}},"24":{"start":{"line":25,"column":0},"end":{"line":25,"column":31}},"25":{"start":{"line":26,"column":0},"end":{"line":26,"column":14}},"26":{"start":{"line":27,"column":0},"end":{"line":27,"column":38}},"27":{"start":{"line":28,"column":0},"end":{"line":28,"column":16}},"28":{"start":{"line":29,"column":0},"end":{"line":29,"column":1}},"29":{"start":{"line":30,"column":0},"end":{"line":30,"column":0}},"30":{"start":{"line":31,"column":0},"end":{"line":31,"column":3}},"31":{"start":{"line":32,"column":0},"end":{"line":32,"column":42}},"32":{"start":{"line":33,"column":0},"end":{"line":33,"column":40}},"33":{"start":{"line":34,"column":0},"end":{"line":34,"column":3}},"34":{"start":{"line":35,"column":0},"end":{"line":35,"column":26}},"35":{"start":{"line":36,"column":0},"end":{"line":36,"column":22}},"36":{"start":{"line":37,"column":0},"end":{"line":37,"column":59}},"37":{"start":{"line":38,"column":0},"end":{"line":38,"column":19}},"38":{"start":{"line":39,"column":0},"end":{"line":39,"column":36}},"39":{"start":{"line":40,"column":0},"end":{"line":40,"column":18}},"40":{"start":{"line":41,"column":0},"end":{"line":41,"column":42}},"41":{"start":{"line":42,"column":0},"end":{"line":42,"column":25}},"42":{"start":{"line":43,"column":0},"end":{"line":43,"column":0}},"43":{"start":{"line":44,"column":0},"end":{"line":44,"column":22}},"44":{"start":{"line":45,"column":0},"end":{"line":45,"column":27}},"45":{"start":{"line":46,"column":0},"end":{"line":46,"column":18}},"46":{"start":{"line":47,"column":0},"end":{"line":47,"column":46}},"47":{"start":{"line":48,"column":0},"end":{"line":48,"column":24}},"48":{"start":{"line":49,"column":0},"end":{"line":49,"column":22}},"49":{"start":{"line":50,"column":0},"end":{"line":50,"column":0}},"50":{"start":{"line":51,"column":0},"end":{"line":51,"column":24}},"51":{"start":{"line":52,"column":0},"end":{"line":52,"column":17}},"52":{"start":{"line":53,"column":0},"end":{"line":53,"column":24}},"53":{"start":{"line":54,"column":0},"end":{"line":54,"column":17}},"54":{"start":{"line":55,"column":0},"end":{"line":55,"column":24}},"55":{"start":{"line":56,"column":0},"end":{"line":56,"column":0}},"56":{"start":{"line":57,"column":0},"end":{"line":57,"column":5}},"57":{"start":{"line":58,"column":0},"end":{"line":58,"column":61}},"58":{"start":{"line":59,"column":0},"end":{"line":59,"column":52}},"59":{"start":{"line":60,"column":0},"end":{"line":60,"column":5}},"60":{"start":{"line":61,"column":0},"end":{"line":61,"column":72}},"61":{"start":{"line":62,"column":0},"end":{"line":62,"column":1}},"62":{"start":{"line":63,"column":0},"end":{"line":63,"column":0}},"63":{"start":{"line":64,"column":0},"end":{"line":64,"column":26}},"64":{"start":{"line":65,"column":0},"end":{"line":65,"column":71}},"65":{"start":{"line":66,"column":0},"end":{"line":66,"column":0}},"66":{"start":{"line":67,"column":0},"end":{"line":67,"column":47}},"67":{"start":{"line":68,"column":0},"end":{"line":68,"column":28}},"68":{"start":{"line":69,"column":0},"end":{"line":69,"column":20}},"69":{"start":{"line":70,"column":0},"end":{"line":70,"column":34}},"70":{"start":{"line":71,"column":0},"end":{"line":71,"column":23}},"71":{"start":{"line":72,"column":0},"end":{"line":72,"column":36}},"72":{"start":{"line":73,"column":0},"end":{"line":73,"column":24}},"73":{"start":{"line":74,"column":0},"end":{"line":74,"column":41}},"74":{"start":{"line":75,"column":0},"end":{"line":75,"column":25}},"75":{"start":{"line":76,"column":0},"end":{"line":76,"column":54}},"76":{"start":{"line":77,"column":0},"end":{"line":77,"column":29}},"77":{"start":{"line":78,"column":0},"end":{"line":78,"column":34}},"78":{"start":{"line":79,"column":0},"end":{"line":79,"column":24}},"79":{"start":{"line":80,"column":0},"end":{"line":80,"column":1}}},"s":{"0":1,"1":1,"2":1,"3":1,"4":1,"5":1,"6":1,"7":1,"8":1,"9":1,"10":1,"11":1,"12":1,"13":1,"14":1,"15":1,"16":1,"17":1,"18":1,"19":1,"20":1,"21":1,"22":1,"23":1,"24":1,"25":1,"26":1,"27":1,"28":1,"29":1,"30":1,"31":1,"32":1,"33":1,"34":1,"35":1,"36":1,"37":1,"38":1,"39":1,"40":1,"41":1,"42":1,"43":1,"44":1,"45":1,"46":1,"47":1,"48":1,"49":1,"50":1,"51":1,"52":1,"53":1,"54":1,"55":1,"56":1,"57":1,"58":1,"59":1,"60":1,"61":1,"62":1,"63":1,"64":1,"65":1,"66":1,"67":1,"68":1,"69":1,"70":1,"71":1,"72":1,"73":1,"74":1,"75":1,"76":1,"77":1,"78":1,"79":1},"branchMap":{},"b":{},"fnMap":{},"f":{}}
}
